# JRE version: Java(TM) SE Runtime Environment (21.0.7+8) (build 21.0.7+8-LTS-245)
# Java VM: Java HotSpot(TM) 64-Bit Server VM (21.0.7+8-LTS-245, mixed mode, sharing, tiered, compressed oops, compressed class ptrs, g1 gc, windows-amd64)
GC Precious Log:
 CardTable entry size: 512
 Card Set container configuration: InlinePtr #cards 5 size 8 Array Of Cards #cards 12 size 40 Howl #buckets 4 coarsen threshold 1843 Howl Bitmap #cards 512 size 80 coarsen threshold 460 Card regions per heap region 1 cards per card region 2048
 CPUs: 12 total, 12 available
 Memory: 6990M
 Large Page Support: Disabled
 NUMA Support: Disabled
 Compressed Oops: Enabled (32-bit)
 Heap Region Size: 1M
 Heap Min Capacity: 8M
 Heap Initial Capacity: 110M
 Heap Max Capacity: 512M
 Pre-touch: Disabled
 Parallel Workers: 10
 Concurrent Workers: 3
 Concurrent Refinement Workers: 10
 Periodic GC: Disabled
Heap:
 garbage-first heap   total 82944K, used 58884K [0x00000000e0000000, 0x0000000100000000)
  region size 1024K, 25 young (25600K), 4 survivors (4096K)
 Metaspace       used 79771K, committed 80512K, reserved 1179648K
  class space    used 9524K, committed 9856K, reserved 1048576K
GC Heap History (20 events):
Event: 15.821 GC heap before
{Heap before GC invocations=28 (full 0):
 garbage-first heap   total 82944K, used 73824K [0x00000000e0000000, 0x0000000100000000)
  region size 1024K, 42 young (43008K), 3 survivors (3072K)
 Metaspace       used 61579K, committed 62272K, reserved 1114112K
  class space    used 7215K, committed 7488K, reserved 1048576K
}
Event: 15.824 GC heap after
{Heap after GC invocations=29 (full 0):
 garbage-first heap   total 82944K, used 34606K [0x00000000e0000000, 0x0000000100000000)
  region size 1024K, 4 young (4096K), 4 survivors (4096K)
 Metaspace       used 61579K, committed 62272K, reserved 1114112K
  class space    used 7215K, committed 7488K, reserved 1048576K
}
Event: 16.061 GC heap before
{Heap before GC invocations=29 (full 0):
 garbage-first heap   total 82944K, used 72494K [0x00000000e0000000, 0x0000000100000000)
  region size 1024K, 41 young (41984K), 4 survivors (4096K)
 Metaspace       used 63240K, committed 63872K, reserved 1114112K
  class space    used 7414K, committed 7680K, reserved 1048576K
}
Event: 16.066 GC heap after
{Heap after GC invocations=30 (full 0):
 garbage-first heap   total 82944K, used 34365K [0x00000000e0000000, 0x0000000100000000)
  region size 1024K, 3 young (3072K), 3 survivors (3072K)
 Metaspace       used 63240K, committed 63872K, reserved 1114112K
  class space    used 7414K, committed 7680K, reserved 1048576K
}
Event: 16.301 GC heap before
{Heap before GC invocations=30 (full 0):
 garbage-first heap   total 82944K, used 74301K [0x00000000e0000000, 0x0000000100000000)
  region size 1024K, 42 young (43008K), 3 survivors (3072K)
 Metaspace       used 65246K, committed 65920K, reserved 1114112K
  class space    used 7631K, committed 7936K, reserved 1048576K
}
Event: 16.305 GC heap after
{Heap after GC invocations=31 (full 0):
 garbage-first heap   total 82944K, used 34948K [0x00000000e0000000, 0x0000000100000000)
  region size 1024K, 4 young (4096K), 4 survivors (4096K)
 Metaspace       used 65246K, committed 65920K, reserved 1114112K
  class space    used 7631K, committed 7936K, reserved 1048576K
}
Event: 16.485 GC heap before
{Heap before GC invocations=31 (full 0):
 garbage-first heap   total 82944K, used 72836K [0x00000000e0000000, 0x0000000100000000)
  region size 1024K, 41 young (41984K), 4 survivors (4096K)
 Metaspace       used 67041K, committed 67712K, reserved 1114112K
  class space    used 7833K, committed 8128K, reserved 1048576K
}
Event: 16.488 GC heap after
{Heap after GC invocations=32 (full 0):
 garbage-first heap   total 82944K, used 35351K [0x00000000e0000000, 0x0000000100000000)
  region size 1024K, 4 young (4096K), 4 survivors (4096K)
 Metaspace       used 67041K, committed 67712K, reserved 1114112K
  class space    used 7833K, committed 8128K, reserved 1048576K
}
Event: 16.621 GC heap before
{Heap before GC invocations=33 (full 0):
 garbage-first heap   total 82944K, used 71191K [0x00000000e0000000, 0x0000000100000000)
  region size 1024K, 40 young (40960K), 4 survivors (4096K)
 Metaspace       used 69199K, committed 69888K, reserved 1114112K
  class space    used 8203K, committed 8512K, reserved 1048576K
}
Event: 16.625 GC heap after
{Heap after GC invocations=34 (full 0):
 garbage-first heap   total 82944K, used 37531K [0x00000000e0000000, 0x0000000100000000)
  region size 1024K, 5 young (5120K), 5 survivors (5120K)
 Metaspace       used 69199K, committed 69888K, reserved 1114112K
  class space    used 8203K, committed 8512K, reserved 1048576K
}
Event: 16.827 GC heap before
{Heap before GC invocations=34 (full 0):
 garbage-first heap   total 82944K, used 71323K [0x00000000e0000000, 0x0000000100000000)
  region size 1024K, 38 young (38912K), 5 survivors (5120K)
 Metaspace       used 71740K, committed 72448K, reserved 1114112K
  class space    used 8576K, committed 8896K, reserved 1048576K
}
Event: 16.831 GC heap after
{Heap after GC invocations=35 (full 0):
 garbage-first heap   total 82944K, used 35864K [0x00000000e0000000, 0x0000000100000000)
  region size 1024K, 2 young (2048K), 2 survivors (2048K)
 Metaspace       used 71740K, committed 72448K, reserved 1114112K
  class space    used 8576K, committed 8896K, reserved 1048576K
}
Event: 17.142 GC heap before
{Heap before GC invocations=35 (full 0):
 garbage-first heap   total 82944K, used 74776K [0x00000000e0000000, 0x0000000100000000)
  region size 1024K, 40 young (40960K), 2 survivors (2048K)
 Metaspace       used 73731K, committed 74368K, reserved 1179648K
  class space    used 8829K, committed 9152K, reserved 1048576K
}
Event: 17.145 GC heap after
{Heap after GC invocations=36 (full 0):
 garbage-first heap   total 82944K, used 36180K [0x00000000e0000000, 0x0000000100000000)
  region size 1024K, 2 young (2048K), 2 survivors (2048K)
 Metaspace       used 73731K, committed 74368K, reserved 1179648K
  class space    used 8829K, committed 9152K, reserved 1048576K
}
Event: 17.389 GC heap before
{Heap before GC invocations=37 (full 0):
 garbage-first heap   total 82944K, used 75092K [0x00000000e0000000, 0x0000000100000000)
  region size 1024K, 40 young (40960K), 2 survivors (2048K)
 Metaspace       used 74895K, committed 75584K, reserved 1179648K
  class space    used 8988K, committed 9280K, reserved 1048576K
}
Event: 17.392 GC heap after
{Heap after GC invocations=38 (full 0):
 garbage-first heap   total 82944K, used 38057K [0x00000000e0000000, 0x0000000100000000)
  region size 1024K, 4 young (4096K), 4 survivors (4096K)
 Metaspace       used 74895K, committed 75584K, reserved 1179648K
  class space    used 8988K, committed 9280K, reserved 1048576K
}
Event: 17.570 GC heap before
{Heap before GC invocations=38 (full 0):
 garbage-first heap   total 82944K, used 72873K [0x00000000e0000000, 0x0000000100000000)
  region size 1024K, 38 young (38912K), 4 survivors (4096K)
 Metaspace       used 76917K, committed 77632K, reserved 1179648K
  class space    used 9258K, committed 9600K, reserved 1048576K
}
Event: 17.573 GC heap after
{Heap after GC invocations=39 (full 0):
 garbage-first heap   total 82944K, used 36967K [0x00000000e0000000, 0x0000000100000000)
  region size 1024K, 2 young (2048K), 2 survivors (2048K)
 Metaspace       used 76917K, committed 77632K, reserved 1179648K
  class space    used 9258K, committed 9600K, reserved 1048576K
}
Event: 28.650 GC heap before
{Heap before GC invocations=39 (full 0):
 garbage-first heap   total 82944K, used 74855K [0x00000000e0000000, 0x0000000100000000)
  region size 1024K, 39 young (39936K), 2 survivors (2048K)
 Metaspace       used 78884K, committed 79616K, reserved 1179648K
  class space    used 9440K, committed 9792K, reserved 1048576K
}
Event: 28.656 GC heap after
{Heap after GC invocations=40 (full 0):
 garbage-first heap   total 82944K, used 38404K [0x00000000e0000000, 0x0000000100000000)
  region size 1024K, 4 young (4096K), 4 survivors (4096K)
 Metaspace       used 78884K, committed 79616K, reserved 1179648K
  class space    used 9440K, committed 9792K, reserved 1048576K
}

